[debug] [2021-09-23T19:46:20.075Z] ----------------------------------------------------------------------
[debug] [2021-09-23T19:46:20.077Z] Command:       /home/mateo/.nvm/versions/node/v16.10.0/bin/node /home/mateo/.nvm/versions/node/v16.10.0/bin/firebase init
[debug] [2021-09-23T19:46:20.078Z] CLI Version:   9.18.0
[debug] [2021-09-23T19:46:20.078Z] Platform:      linux
[debug] [2021-09-23T19:46:20.078Z] Node Version:  v16.10.0
[debug] [2021-09-23T19:46:20.078Z] Time:          Thu Sep 23 2021 16:46:20 GMT-0300 (hora estándar de Argentina)
[debug] [2021-09-23T19:46:20.079Z] ----------------------------------------------------------------------
[debug] 
[debug] [2021-09-23T19:46:20.084Z] > command requires scopes: ["email","openid","https://www.googleapis.com/auth/cloudplatformprojects.readonly","https://www.googleapis.com/auth/firebase","https://www.googleapis.com/auth/cloud-platform"]
[debug] [2021-09-23T19:46:20.084Z] > authorizing via signed-in user (mateobusto97@gmail.com)
[info] 
     ######## #### ########  ######## ########     ###     ######  ########
     ##        ##  ##     ## ##       ##     ##  ##   ##  ##       ##
     ######    ##  ########  ######   ########  #########  ######  ######
     ##        ##  ##    ##  ##       ##     ## ##     ##       ## ##
     ##       #### ##     ## ######## ########  ##     ##  ######  ########

You're about to initialize a Firebase project in this directory:

  /home/mateo/Desktop/curriculum

[info] 
=== Project Setup
[info] 
[info] First, let's associate this project directory with a Firebase project.
[info] You can create multiple project aliases by running firebase use --add, 
[info] but for now we'll just set up a default project.
[info] 
[debug] [2021-09-23T19:47:02.928Z] >>> [apiv2][query] GET https://firebase.googleapis.com/v1beta1/projects pageSize=100
[debug] [2021-09-23T19:47:04.195Z] <<< [apiv2][status] GET https://firebase.googleapis.com/v1beta1/projects 200
[debug] [2021-09-23T19:47:04.195Z] <<< [apiv2][body] GET https://firebase.googleapis.com/v1beta1/projects [omitted]
[info] i  Using project curriculum-vitae-b27d5 (Curriculum Vitae) 
[info] 
=== Hosting:github Setup
[info] 
[info] i  Detected a .git folder at /home/mateo/Desktop/curriculum 
[info] i  Authorizing with GitHub to upload your service account to a GitHub repository's secrets store. 
[info] 
[info] Visit this URL on this device to log in:
[info] https://github.com/login/oauth/authorize?client_id=89cf50f02ac6aaed3484&state=184707088&redirect_uri=http%3A%2F%2Flocalhost%3A9005&scope=read%3Auser%20repo%20public_repo
[info] 
[info] Waiting for authentication...
[debug] [2021-09-23T19:47:27.199Z] >>> HTTP REQUEST POST https://github.com/login/oauth/access_token  
 {"client_id":"89cf50f02ac6aaed3484","client_secret":"3330d14abc895d9a74d5f17cd7a00711fa2c5bf0","code":"41d195ac04226e1ecdcc","redirect_uri":"http://localhost:9005","state":"184707088"}
[debug] [2021-09-23T19:47:27.622Z] <<< HTTP RESPONSE 200 {"server":"GitHub.com","date":"Thu, 23 Sep 2021 19:47:27 GMT","content-type":"application/json; charset=utf-8","transfer-encoding":"chunked","vary":"X-PJAX, X-PJAX-Container, Accept-Encoding, Accept, X-Requested-With","permissions-policy":"interest-cohort=()","etag":"W/\"f9d42dd87a0c9f4a6da717ef02a1394b\"","cache-control":"max-age=0, private, must-revalidate","strict-transport-security":"max-age=31536000; includeSubdomains; preload","x-frame-options":"deny","x-content-type-options":"nosniff","x-xss-protection":"0","referrer-policy":"origin-when-cross-origin, strict-origin-when-cross-origin","expect-ct":"max-age=2592000, report-uri=\"https://api.github.com/_private/browser/errors\"","content-security-policy":"default-src 'none'; base-uri 'self'; block-all-mixed-content; child-src github.githubassets.com; connect-src 'self' uploads.github.com www.githubstatus.com collector.githubapp.com api.github.com github-cloud.s3.amazonaws.com github-production-repository-file-5c1aeb.s3.amazonaws.com github-production-upload-manifest-file-7fdce7.s3.amazonaws.com github-production-user-asset-6210df.s3.amazonaws.com cdn.optimizely.com logx.optimizely.com/v1/events translator.github.com wss://alive.github.com; font-src github.githubassets.com; form-action 'self' github.com gist.github.com; frame-ancestors 'none'; frame-src render.githubusercontent.com viewscreen.githubusercontent.com; img-src 'self' data: github.githubassets.com identicons.github.com collector.githubapp.com github-cloud.s3.amazonaws.com secured-user-images.githubusercontent.com/ *.githubusercontent.com; manifest-src 'self'; media-src github.com user-images.githubusercontent.com/; script-src github.githubassets.com; style-src 'unsafe-inline' github.githubassets.com; worker-src github.githubassets.com github.com/socket-worker-0af8a29d.js gist.github.com/socket-worker-0af8a29d.js","x-github-request-id":"BBFC:1673:36D526:3F82B7:614CD9CF"}
[debug] [2021-09-23T19:47:27.629Z] >>> [apiv2][query] GET https://api.github.com/user [none]
[debug] [2021-09-23T19:47:28.066Z] <<< [apiv2][status] GET https://api.github.com/user 200
[debug] [2021-09-23T19:47:28.068Z] <<< [apiv2][body] GET https://api.github.com/user {"login":"mateo097","id":64233607,"node_id":"MDQ6VXNlcjY0MjMzNjA3","avatar_url":"https://avatars.githubusercontent.com/u/64233607?v=4","gravatar_id":"","url":"https://api.github.com/users/mateo097","html_url":"https://github.com/mateo097","followers_url":"https://api.github.com/users/mateo097/followers","following_url":"https://api.github.com/users/mateo097/following{/other_user}","gists_url":"https://api.github.com/users/mateo097/gists{/gist_id}","starred_url":"https://api.github.com/users/mateo097/starred{/owner}{/repo}","subscriptions_url":"https://api.github.com/users/mateo097/subscriptions","organizations_url":"https://api.github.com/users/mateo097/orgs","repos_url":"https://api.github.com/users/mateo097/repos","events_url":"https://api.github.com/users/mateo097/events{/privacy}","received_events_url":"https://api.github.com/users/mateo097/received_events","type":"User","site_admin":false,"name":null,"company":null,"blog":"","location":null,"email":null,"hireable":null,"bio":null,"twitter_username":null,"public_repos":14,"public_gists":0,"followers":4,"following":8,"created_at":"2020-04-23T23:19:09Z","updated_at":"2021-08-23T22:04:19Z","private_gists":0,"total_private_repos":8,"owned_private_repos":8,"disk_usage":1227,"collaborators":0,"two_factor_authentication":false,"plan":{"name":"free","space":976562499,"collaborators":0,"private_repos":10000}}
[info] 
[info] ✔  Success! Logged into GitHub as mateo097 
[info] 
[debug] [2021-09-23T19:47:52.352Z] >>> [apiv2][query] GET https://api.github.com/repos//actions/secrets/public-key type=owner
[debug] [2021-09-23T19:47:52.770Z] <<< [apiv2][status] GET https://api.github.com/repos//actions/secrets/public-key 404
[debug] [2021-09-23T19:47:52.771Z] <<< [apiv2][body] GET https://api.github.com/repos//actions/secrets/public-key {"message":"Not Found","documentation_url":"https://docs.github.com/rest"}
[debug] [2021-09-23T19:47:54.640Z] >>> [apiv2][query] GET https://api.github.com/repos//actions/secrets/public-key type=owner
[debug] [2021-09-23T19:47:55.046Z] <<< [apiv2][status] GET https://api.github.com/repos//actions/secrets/public-key 404
[debug] [2021-09-23T19:47:55.047Z] <<< [apiv2][body] GET https://api.github.com/repos//actions/secrets/public-key {"message":"Not Found","documentation_url":"https://docs.github.com/rest"}
